# JRE version: Java(TM) SE Runtime Environment (8.0_111-b14) (build 1.8.0_111-b14)
# Java VM: Java HotSpot(TM) 64-Bit Server VM (25.111-b14 mixed mode windows-amd64 compressed oops)
Heap:
 PSYoungGen      total 65536K, used 55510K [0x000000076af00000, 0x000000076fb00000, 0x00000007c0000000)
  eden space 56320K, 85% used [0x000000076af00000,0x000000076dde65f8,0x000000076e600000)
  from space 9216K, 81% used [0x000000076f200000,0x000000076f94f270,0x000000076fb00000)
  to   space 10752K, 0% used [0x000000076e600000,0x000000076e600000,0x000000076f080000)
 ParOldGen       total 77824K, used 10447K [0x00000006c0c00000, 0x00000006c5800000, 0x000000076af00000)
  object space 77824K, 13% used [0x00000006c0c00000,0x00000006c1633cc0,0x00000006c5800000)
 Metaspace       used 25130K, capacity 26772K, committed 27008K, reserved 1073152K
  class space    used 3402K, capacity 3703K, committed 3712K, reserved 1048576K
GC Heap History (10 events):
Event: 7229.612 GC heap before
{Heap before GC invocations=9 (full 1):
 PSYoungGen      total 69120K, used 68892K [0x000000076af00000, 0x0000000770300000, 0x00000007c0000000)
  eden space 61440K, 100% used [0x000000076af00000,0x000000076eb00000,0x000000076eb00000)
  from space 7680K, 97% used [0x000000076ec00000,0x000000076f347270,0x000000076f380000)
  to   space 12288K, 0% used [0x000000076f700000,0x000000076f700000,0x0000000770300000)
 ParOldGen       total 77824K, used 10431K [0x00000006c0c00000, 0x00000006c5800000, 0x000000076af00000)
  object space 77824K, 13% used [0x00000006c0c00000,0x00000006c162fcc0,0x00000006c5800000)
 Metaspace       used 25092K, capacity 26766K, committed 27008K, reserved 1073152K
  class space    used 3402K, capacity 3702K, committed 3712K, reserved 1048576K
Event: 7229.616 GC heap after
Heap after GC invocations=9 (full 1):
 PSYoungGen      total 70656K, used 7356K [0x000000076af00000, 0x0000000770100000, 0x00000007c0000000)
  eden space 60416K, 0% used [0x000000076af00000,0x000000076af00000,0x000000076ea00000)
  from space 10240K, 71% used [0x000000076f700000,0x000000076fe2f270,0x0000000770100000)
  to   space 11776K, 0% used [0x000000076ea00000,0x000000076ea00000,0x000000076f580000)
 ParOldGen       total 77824K, used 10431K [0x00000006c0c00000, 0x00000006c5800000, 0x000000076af00000)
  object space 77824K, 13% used [0x00000006c0c00000,0x00000006c162fcc0,0x00000006c5800000)
 Metaspace       used 25092K, capacity 26766K, committed 27008K, reserved 1073152K
  class space    used 3402K, capacity 3702K, committed 3712K, reserved 1048576K
}
Event: 8322.780 GC heap before
{Heap before GC invocations=10 (full 1):
 PSYoungGen      total 70656K, used 67772K [0x000000076af00000, 0x0000000770100000, 0x00000007c0000000)
  eden space 60416K, 100% used [0x000000076af00000,0x000000076ea00000,0x000000076ea00000)
  from space 10240K, 71% used [0x000000076f700000,0x000000076fe2f270,0x0000000770100000)
  to   space 11776K, 0% used [0x000000076ea00000,0x000000076ea00000,0x000000076f580000)
 ParOldGen       total 77824K, used 10431K [0x00000006c0c00000, 0x00000006c5800000, 0x000000076af00000)
  object space 77824K, 13% used [0x00000006c0c00000,0x00000006c162fcc0,0x00000006c5800000)
 Metaspace       used 25092K, capacity 26766K, committed 27008K, reserved 1073152K
  class space    used 3402K, capacity 3702K, committed 3712K, reserved 1048576K
Event: 8322.784 GC heap after
Heap after GC invocations=10 (full 1):
 PSYoungGen      total 67072K, used 7420K [0x000000076af00000, 0x0000000770000000, 0x00000007c0000000)
  eden space 59392K, 0% used [0x000000076af00000,0x000000076af00000,0x000000076e900000)
  from space 7680K, 96% used [0x000000076ea00000,0x000000076f13f270,0x000000076f180000)
  to   space 11776K, 0% used [0x000000076f480000,0x000000076f480000,0x0000000770000000)
 ParOldGen       total 77824K, used 10431K [0x00000006c0c00000, 0x00000006c5800000, 0x000000076af00000)
  object space 77824K, 13% used [0x00000006c0c00000,0x00000006c162fcc0,0x00000006c5800000)
 Metaspace       used 25092K, capacity 26766K, committed 27008K, reserved 1073152K
  class space    used 3402K, capacity 3702K, committed 3712K, reserved 1048576K
}
Event: 9389.372 GC heap before
{Heap before GC invocations=11 (full 1):
 PSYoungGen      total 67072K, used 66812K [0x000000076af00000, 0x0000000770000000, 0x00000007c0000000)
  eden space 59392K, 100% used [0x000000076af00000,0x000000076e900000,0x000000076e900000)
  from space 7680K, 96% used [0x000000076ea00000,0x000000076f13f270,0x000000076f180000)
  to   space 11776K, 0% used [0x000000076f480000,0x000000076f480000,0x0000000770000000)
 ParOldGen       total 77824K, used 10431K [0x00000006c0c00000, 0x00000006c5800000, 0x000000076af00000)
  object space 77824K, 13% used [0x00000006c0c00000,0x00000006c162fcc0,0x00000006c5800000)
 Metaspace       used 25093K, capacity 26766K, committed 27008K, reserved 1073152K
  class space    used 3402K, capacity 3702K, committed 3712K, reserved 1048576K
Event: 9389.376 GC heap after
Heap after GC invocations=11 (full 1):
 PSYoungGen      total 68096K, used 7356K [0x000000076af00000, 0x000000076fe00000, 0x00000007c0000000)
  eden space 58368K, 0% used [0x000000076af00000,0x000000076af00000,0x000000076e800000)
  from space 9728K, 75% used [0x000000076f480000,0x000000076fbaf270,0x000000076fe00000)
  to   space 11264K, 0% used [0x000000076e800000,0x000000076e800000,0x000000076f300000)
 ParOldGen       total 77824K, used 10431K [0x00000006c0c00000, 0x00000006c5800000, 0x000000076af00000)
  object space 77824K, 13% used [0x00000006c0c00000,0x00000006c162fcc0,0x00000006c5800000)
 Metaspace       used 25093K, capacity 26766K, committed 27008K, reserved 1073152K
  class space    used 3402K, capacity 3702K, committed 3712K, reserved 1048576K
}
Event: 10444.700 GC heap before
{Heap before GC invocations=12 (full 1):
 PSYoungGen      total 68096K, used 65724K [0x000000076af00000, 0x000000076fe00000, 0x00000007c0000000)
  eden space 58368K, 100% used [0x000000076af00000,0x000000076e800000,0x000000076e800000)
  from space 9728K, 75% used [0x000000076f480000,0x000000076fbaf270,0x000000076fe00000)
  to   space 11264K, 0% used [0x000000076e800000,0x000000076e800000,0x000000076f300000)
 ParOldGen       total 77824K, used 10431K [0x00000006c0c00000, 0x00000006c5800000, 0x000000076af00000)
  object space 77824K, 13% used [0x00000006c0c00000,0x00000006c162fcc0,0x00000006c5800000)
 Metaspace       used 25093K, capacity 26766K, committed 27008K, reserved 1073152K
  class space    used 3402K, capacity 3702K, committed 3712K, reserved 1048576K
Event: 10444.704 GC heap after
Heap after GC invocations=12 (full 1):
 PSYoungGen      total 65024K, used 7356K [0x000000076af00000, 0x000000076fd00000, 0x00000007c0000000)
  eden space 57344K, 0% used [0x000000076af00000,0x000000076af00000,0x000000076e700000)
  from space 7680K, 95% used [0x000000076e800000,0x000000076ef2f270,0x000000076ef80000)
  to   space 11264K, 0% used [0x000000076f200000,0x000000076f200000,0x000000076fd00000)
 ParOldGen       total 77824K, used 10439K [0x00000006c0c00000, 0x00000006c5800000, 0x000000076af00000)
  object space 77824K, 13% used [0x00000006c0c00000,0x00000006c1631cc0,0x00000006c5800000)
 Metaspace       used 25093K, capacity 26766K, committed 27008K, reserved 1073152K
  class space    used 3402K, capacity 3702K, committed 3712K, reserved 1048576K
}
Event: 11444.364 GC heap before
{Heap before GC invocations=13 (full 1):
 PSYoungGen      total 65024K, used 64700K [0x000000076af00000, 0x000000076fd00000, 0x00000007c0000000)
  eden space 57344K, 100% used [0x000000076af00000,0x000000076e700000,0x000000076e700000)
  from space 7680K, 95% used [0x000000076e800000,0x000000076ef2f270,0x000000076ef80000)
  to   space 11264K, 0% used [0x000000076f200000,0x000000076f200000,0x000000076fd00000)
 ParOldGen       total 77824K, used 10439K [0x00000006c0c00000, 0x00000006c5800000, 0x000000076af00000)
  object space 77824K, 13% used [0x00000006c0c00000,0x00000006c1631cc0,0x00000006c5800000)
 Metaspace       used 25109K, capacity 26766K, committed 27008K, reserved 1073152K
  class space    used 3402K, capacity 3702K, committed 3712K, reserved 1048576K
Event: 11444.368 GC heap after
Heap after GC invocations=13 (full 1):
 PSYoungGen      total 65536K, used 7484K [0x000000076af00000, 0x000000076fb00000, 0x00000007c0000000)
  eden space 56320K, 0% used [0x000000076af00000,0x000000076af00000,0x000000076e600000)
  from space 9216K, 81% used [0x000000076f200000,0x000000076f94f270,0x000000076fb00000)
  to   space 10752K, 0% used [0x000000076e600000,0x000000076e600000,0x000000076f080000)
 ParOldGen       total 77824K, used 10447K [0x00000006c0c00000, 0x00000006c5800000, 0x000000076af00000)
  object space 77824K, 13% used [0x00000006c0c00000,0x00000006c1633cc0,0x00000006c5800000)
 Metaspace       used 25109K, capacity 26766K, committed 27008K, reserved 1073152K
  class space    used 3402K, capacity 3702K, committed 3712K, reserved 1048576K
}

